09-11 17:48:48 com_github_MitjaNemec_PlaceFootprints.action_place_footprints 674:Plugin executed on: 'linux'
09-11 17:48:48 com_github_MitjaNemec_PlaceFootprints.action_place_footprints 675:Plugin executed with python version: '3.13.7 (main, Nov 10 2011, 15:00:00) [GCC 15.2.0]'
09-11 17:48:48 com_github_MitjaNemec_PlaceFootprints.action_place_footprints 676:KiCad build version: 9.0.4
09-11 17:48:48 com_github_MitjaNemec_PlaceFootprints.action_place_footprints 677:Plugin version: 4.0.1
09-11 17:48:48 com_github_MitjaNemec_PlaceFootprints.action_place_footprints 678:Frame repr: <wx._core.Frame object at 0x73be622040e0>
09-11 17:48:48 com_github_MitjaNemec_PlaceFootprints.place_footprints 121:getting a list of all footprints on board
09-11 17:48:48 com_github_MitjaNemec_PlaceFootprints.place_footprints 156:Footprint C15 on root level
09-11 17:48:48 com_github_MitjaNemec_PlaceFootprints.place_footprints 156:Footprint R27 on root level
09-11 17:48:48 com_github_MitjaNemec_PlaceFootprints.place_footprints 156:Footprint D_photo1 on root level
09-11 17:48:48 com_github_MitjaNemec_PlaceFootprints.place_footprints 156:Footprint D_photo12 on root level
09-11 17:48:48 com_github_MitjaNemec_PlaceFootprints.place_footprints 156:Footprint D_photo14 on root level
09-11 17:48:48 com_github_MitjaNemec_PlaceFootprints.place_footprints 156:Footprint D_photo13 on root level
09-11 17:48:48 com_github_MitjaNemec_PlaceFootprints.place_footprints 156:Footprint D_photo15 on root level
09-11 17:48:48 com_github_MitjaNemec_PlaceFootprints.place_footprints 156:Footprint D_photo8 on root level
09-11 17:48:48 com_github_MitjaNemec_PlaceFootprints.place_footprints 156:Footprint D_photo3 on root level
09-11 17:48:48 com_github_MitjaNemec_PlaceFootprints.place_footprints 156:Footprint D_photo9 on root level
09-11 17:48:48 com_github_MitjaNemec_PlaceFootprints.place_footprints 156:Footprint D_photo2 on root level
09-11 17:48:48 com_github_MitjaNemec_PlaceFootprints.place_footprints 156:Footprint D_photo0 on root level
09-11 17:48:48 com_github_MitjaNemec_PlaceFootprints.place_footprints 156:Footprint D_photo11 on root level
09-11 17:48:48 com_github_MitjaNemec_PlaceFootprints.place_footprints 156:Footprint D_photo10 on root level
09-11 17:48:48 com_github_MitjaNemec_PlaceFootprints.place_footprints 156:Footprint D_photo5 on root level
09-11 17:48:48 com_github_MitjaNemec_PlaceFootprints.place_footprints 156:Footprint D_photo4 on root level
09-11 17:48:48 com_github_MitjaNemec_PlaceFootprints.place_footprints 156:Footprint D_photo6 on root level
09-11 17:48:48 com_github_MitjaNemec_PlaceFootprints.place_footprints 156:Footprint D_photo7 on root level
09-11 17:48:48 com_github_MitjaNemec_PlaceFootprints.place_footprints 156:Footprint C24 on root level
09-11 17:48:48 com_github_MitjaNemec_PlaceFootprints.place_footprints 156:Footprint IC3 on root level
09-11 17:48:48 com_github_MitjaNemec_PlaceFootprints.place_footprints 156:Footprint R34 on root level
09-11 17:48:48 com_github_MitjaNemec_PlaceFootprints.place_footprints 156:Footprint C21 on root level
09-11 17:48:48 com_github_MitjaNemec_PlaceFootprints.place_footprints 156:Footprint C23 on root level
09-11 17:48:48 com_github_MitjaNemec_PlaceFootprints.place_footprints 156:Footprint R33 on root level
09-11 17:48:48 com_github_MitjaNemec_PlaceFootprints.place_footprints 156:Footprint C22 on root level
09-11 17:48:48 com_github_MitjaNemec_PlaceFootprints.place_footprints 156:Footprint R32 on root level
09-11 17:48:48 com_github_MitjaNemec_PlaceFootprints.place_footprints 156:Footprint C20 on root level
09-11 17:48:48 com_github_MitjaNemec_PlaceFootprints.place_footprints 156:Footprint R31 on root level
09-11 17:48:48 com_github_MitjaNemec_PlaceFootprints.place_footprints 156:Footprint R17 on root level
09-11 17:48:48 com_github_MitjaNemec_PlaceFootprints.place_footprints 156:Footprint R22 on root level
09-11 17:48:48 com_github_MitjaNemec_PlaceFootprints.place_footprints 156:Footprint IC2 on root level
09-11 17:48:48 com_github_MitjaNemec_PlaceFootprints.place_footprints 156:Footprint C4 on root level
09-11 17:48:48 com_github_MitjaNemec_PlaceFootprints.place_footprints 156:Footprint R20 on root level
09-11 17:48:48 com_github_MitjaNemec_PlaceFootprints.place_footprints 156:Footprint C2 on root level
09-11 17:48:48 com_github_MitjaNemec_PlaceFootprints.place_footprints 156:Footprint C3 on root level
09-11 17:48:48 com_github_MitjaNemec_PlaceFootprints.place_footprints 156:Footprint C5 on root level
09-11 17:48:48 com_github_MitjaNemec_PlaceFootprints.place_footprints 156:Footprint R21 on root level
09-11 17:48:48 com_github_MitjaNemec_PlaceFootprints.place_footprints 156:Footprint C1 on root level
09-11 17:48:48 com_github_MitjaNemec_PlaceFootprints.place_footprints 156:Footprint C12 on root level
09-11 17:48:48 com_github_MitjaNemec_PlaceFootprints.place_footprints 156:Footprint Q5 on root level
09-11 17:48:48 com_github_MitjaNemec_PlaceFootprints.place_footprints 156:Footprint LED9 on root level
09-11 17:48:48 com_github_MitjaNemec_PlaceFootprints.place_footprints 156:Footprint Q1 on root level
09-11 17:48:48 com_github_MitjaNemec_PlaceFootprints.place_footprints 156:Footprint R10 on root level
09-11 17:48:48 com_github_MitjaNemec_PlaceFootprints.place_footprints 156:Footprint LED3 on root level
09-11 17:48:48 com_github_MitjaNemec_PlaceFootprints.place_footprints 156:Footprint R8 on root level
09-11 17:48:48 com_github_MitjaNemec_PlaceFootprints.place_footprints 156:Footprint R7 on root level
09-11 17:48:48 com_github_MitjaNemec_PlaceFootprints.place_footprints 156:Footprint Q11 on root level
09-11 17:48:48 com_github_MitjaNemec_PlaceFootprints.place_footprints 156:Footprint LED7 on root level
09-11 17:48:48 com_github_MitjaNemec_PlaceFootprints.place_footprints 156:Footprint LED6 on root level
09-11 17:48:48 com_github_MitjaNemec_PlaceFootprints.place_footprints 156:Footprint Q15 on root level
09-11 17:48:48 com_github_MitjaNemec_PlaceFootprints.place_footprints 156:Footprint J1 on root level
09-11 17:48:48 com_github_MitjaNemec_PlaceFootprints.place_footprints 156:Footprint R1 on root level
09-11 17:48:48 com_github_MitjaNemec_PlaceFootprints.place_footprints 156:Footprint R9 on root level
09-11 17:48:48 com_github_MitjaNemec_PlaceFootprints.place_footprints 156:Footprint IC4 on root level
09-11 17:48:48 com_github_MitjaNemec_PlaceFootprints.place_footprints 156:Footprint Q14 on root level
09-11 17:48:48 com_github_MitjaNemec_PlaceFootprints.place_footprints 156:Footprint R6 on root level
09-11 17:48:48 com_github_MitjaNemec_PlaceFootprints.place_footprints 156:Footprint Q10 on root level
09-11 17:48:48 com_github_MitjaNemec_PlaceFootprints.place_footprints 156:Footprint IC0 on root level
09-11 17:48:48 com_github_MitjaNemec_PlaceFootprints.place_footprints 156:Footprint Q7 on root level
09-11 17:48:48 com_github_MitjaNemec_PlaceFootprints.place_footprints 156:Footprint LED8 on root level
09-11 17:48:48 com_github_MitjaNemec_PlaceFootprints.place_footprints 156:Footprint C11 on root level
09-11 17:48:48 com_github_MitjaNemec_PlaceFootprints.place_footprints 156:Footprint LED4 on root level
09-11 17:48:48 com_github_MitjaNemec_PlaceFootprints.place_footprints 156:Footprint R19 on root level
09-11 17:48:48 com_github_MitjaNemec_PlaceFootprints.place_footprints 156:Footprint IC5 on root level
09-11 17:48:48 com_github_MitjaNemec_PlaceFootprints.place_footprints 156:Footprint R3 on root level
09-11 17:48:48 com_github_MitjaNemec_PlaceFootprints.place_footprints 156:Footprint IC1 on root level
09-11 17:48:48 com_github_MitjaNemec_PlaceFootprints.place_footprints 156:Footprint Q2 on root level
09-11 17:48:48 com_github_MitjaNemec_PlaceFootprints.place_footprints 156:Footprint LED15 on root level
09-11 17:48:48 com_github_MitjaNemec_PlaceFootprints.place_footprints 156:Footprint R29 on root level
09-11 17:48:48 com_github_MitjaNemec_PlaceFootprints.place_footprints 156:Footprint C9 on root level
09-11 17:48:48 com_github_MitjaNemec_PlaceFootprints.place_footprints 156:Footprint R15 on root level
09-11 17:48:48 com_github_MitjaNemec_PlaceFootprints.place_footprints 156:Footprint R12 on root level
09-11 17:48:48 com_github_MitjaNemec_PlaceFootprints.place_footprints 156:Footprint LED10 on root level
09-11 17:48:48 com_github_MitjaNemec_PlaceFootprints.place_footprints 156:Footprint R25 on root level
09-11 17:48:48 com_github_MitjaNemec_PlaceFootprints.place_footprints 156:Footprint R13 on root level
09-11 17:48:48 com_github_MitjaNemec_PlaceFootprints.place_footprints 156:Footprint LED1 on root level
09-11 17:48:48 com_github_MitjaNemec_PlaceFootprints.place_footprints 156:Footprint R2 on root level
09-11 17:48:48 com_github_MitjaNemec_PlaceFootprints.place_footprints 156:Footprint R5 on root level
09-11 17:48:48 com_github_MitjaNemec_PlaceFootprints.place_footprints 156:Footprint Q9 on root level
09-11 17:48:48 com_github_MitjaNemec_PlaceFootprints.place_footprints 156:Footprint Q13 on root level
09-11 17:48:48 com_github_MitjaNemec_PlaceFootprints.place_footprints 156:Footprint C14 on root level
09-11 17:48:48 com_github_MitjaNemec_PlaceFootprints.place_footprints 156:Footprint Q6 on root level
09-11 17:48:48 com_github_MitjaNemec_PlaceFootprints.place_footprints 156:Footprint R14 on root level
09-11 17:48:48 com_github_MitjaNemec_PlaceFootprints.place_footprints 156:Footprint C8 on root level
09-11 17:48:48 com_github_MitjaNemec_PlaceFootprints.place_footprints 156:Footprint LED11 on root level
09-11 17:48:48 com_github_MitjaNemec_PlaceFootprints.place_footprints 156:Footprint C17 on root level
09-11 17:48:48 com_github_MitjaNemec_PlaceFootprints.place_footprints 156:Footprint LED13 on root level
09-11 17:48:48 com_github_MitjaNemec_PlaceFootprints.place_footprints 156:Footprint Q4 on root level
09-11 17:48:48 com_github_MitjaNemec_PlaceFootprints.place_footprints 156:Footprint R23 on root level
09-11 17:48:48 com_github_MitjaNemec_PlaceFootprints.place_footprints 156:Footprint Q3 on root level
09-11 17:48:48 com_github_MitjaNemec_PlaceFootprints.place_footprints 156:Footprint R24 on root level
09-11 17:48:48 com_github_MitjaNemec_PlaceFootprints.place_footprints 156:Footprint Q16 on root level
09-11 17:48:48 com_github_MitjaNemec_PlaceFootprints.place_footprints 156:Footprint R28 on root level
09-11 17:48:48 com_github_MitjaNemec_PlaceFootprints.place_footprints 156:Footprint R16 on root level
09-11 17:48:48 com_github_MitjaNemec_PlaceFootprints.place_footprints 156:Footprint C16 on root level
09-11 17:48:48 com_github_MitjaNemec_PlaceFootprints.place_footprints 156:Footprint Q12 on root level
09-11 17:48:48 com_github_MitjaNemec_PlaceFootprints.place_footprints 156:Footprint R30 on root level
09-11 17:48:48 com_github_MitjaNemec_PlaceFootprints.place_footprints 156:Footprint LED14 on root level
09-11 17:48:48 com_github_MitjaNemec_PlaceFootprints.place_footprints 156:Footprint R4 on root level
09-11 17:48:48 com_github_MitjaNemec_PlaceFootprints.place_footprints 156:Footprint Q8 on root level
09-11 17:48:48 com_github_MitjaNemec_PlaceFootprints.place_footprints 156:Footprint C18 on root level
09-11 17:48:48 com_github_MitjaNemec_PlaceFootprints.place_footprints 156:Footprint R18 on root level
09-11 17:48:48 com_github_MitjaNemec_PlaceFootprints.place_footprints 156:Footprint C7 on root level
09-11 17:48:48 com_github_MitjaNemec_PlaceFootprints.place_footprints 156:Footprint LED5 on root level
09-11 17:48:48 com_github_MitjaNemec_PlaceFootprints.place_footprints 156:Footprint R26 on root level
09-11 17:48:48 com_github_MitjaNemec_PlaceFootprints.place_footprints 156:Footprint R11 on root level
09-11 17:48:48 com_github_MitjaNemec_PlaceFootprints.place_footprints 156:Footprint LED12 on root level
09-11 17:48:48 com_github_MitjaNemec_PlaceFootprints.place_footprints 156:Footprint J0 on root level
09-11 17:48:48 com_github_MitjaNemec_PlaceFootprints.place_footprints 156:Footprint LED0 on root level
09-11 17:48:48 com_github_MitjaNemec_PlaceFootprints.place_footprints 156:Footprint LED2 on root level
09-11 17:48:48 com_github_MitjaNemec_PlaceFootprints.place_footprints 156:Footprint C10 on root level
09-11 17:48:48 com_github_MitjaNemec_PlaceFootprints.action_place_footprints 717:Reference footprint='IC3'
09-11 17:48:53 com_github_MitjaNemec_PlaceFootprints.action_place_footprints 858:Reference designator is: IC
09-11 17:48:53 com_github_MitjaNemec_PlaceFootprints.action_place_footprints 859:Reference number is: 3
09-11 17:48:53 com_github_MitjaNemec_PlaceFootprints.action_place_footprints 891:Sorted and filtered list:
['IC0', 'IC1', 'IC2', 'IC3', 'IC4', 'IC5']
09-11 17:48:53 com_github_MitjaNemec_PlaceFootprints.action_place_footprints 376:wx.Colour(48, 48, 48, 255)
09-11 17:49:06 com_github_MitjaNemec_PlaceFootprints.action_place_footprints 507:'10'
09-11 17:49:06 com_github_MitjaNemec_PlaceFootprints.action_place_footprints 553:Preparing config for reference linear
09-11 17:49:06 com_github_MitjaNemec_PlaceFootprints.action_place_footprints 573:Saving config file
09-11 17:49:06 com_github_MitjaNemec_PlaceFootprints.action_place_footprints 575:Saved the config file
09-11 17:49:06 com_github_MitjaNemec_PlaceFootprints.action_place_footprints 929:Footprints to place:
['IC0', 'IC1', 'IC2', 'IC3', 'IC4', 'IC5']
09-11 17:49:06 com_github_MitjaNemec_PlaceFootprints.place_footprints 396:Starting placing with linear layout
09-11 17:49:06 com_github_MitjaNemec_PlaceFootprints.action_place_footprints 970:Placing complete
